<?xml version="1.0" encoding="UTF-8"?>
<!-- Generated by org.testng.reporters.JUnitReportReporter -->
<testsuite hostname="AI-CJB-LAP-429" failures="0" tests="3" name="onesample.SkipATestCase" time="0.002" errors="0" timestamp="2024-10-07T15:31:16 IST" skipped="0">
  <testcase classname="onesample.SkipATestCase" name="startTheCar" time="0.001"/>
  <testcase classname="onesample.SkipATestCase" name="carAtHighSpeed" time="0.001"/>
  <testcase classname="onesample.SkipATestCase" name="musicIsOn" time="0.000"/>
</testsuite> <!-- onesample.SkipATestCase -->
