<?xml version="1.0" encoding="UTF-8"?>
<!-- Generated by org.testng.reporters.JUnitReportReporter -->
<testsuite hostname="AI-CJB-LAP-429" failures="0" tests="1" name="onesample.ParameterizationExample" time="0.005" errors="0" timestamp="2024-10-07T16:52:54 IST" skipped="0">
  <testcase classname="onesample.ParameterizationExample" name="printName" time="0.005"/>
</testsuite> <!-- onesample.ParameterizationExample -->
