<?xml version="1.0" encoding="UTF-8"?>
<!-- Generated by org.testng.reporters.JUnitReportReporter -->
<testsuite hostname="AI-CJB-LAP-429" failures="0" tests="4" name="onesample.GroupingExample" time="0.013" errors="0" timestamp="2024-10-07T16:28:46 IST" skipped="0">
  <testcase classname="onesample.GroupingExample" name="ferrari458italia" time="0.001"/>
  <testcase classname="onesample.GroupingExample" name="bmwA6" time="0.010"/>
  <testcase classname="onesample.GroupingExample" name="bmwA8" time="0.001"/>
  <testcase classname="onesample.GroupingExample" name="ferrari458" time="0.001"/>
</testsuite> <!-- onesample.GroupingExample -->
