<?xml version="1.0" encoding="UTF-8"?>
<!-- Generated by org.testng.reporters.JUnitReportReporter -->
<testsuite hostname="AI-CJB-LAP-429" failures="0" tests="3" name="onesample.SuiteExample" time="4.384" errors="0" timestamp="2024-10-07T15:31:16 IST" skipped="0">
  <testcase classname="onesample.SuiteExample" name="openingYahoo" time="2.915"/>
  <testcase classname="onesample.SuiteExample" name="openingBing" time="0.808"/>
  <testcase classname="onesample.SuiteExample" name="openingChrome" time="0.661"/>
</testsuite> <!-- onesample.SuiteExample -->
