<?xml version="1.0" encoding="UTF-8"?>
<!-- Generated by org.testng.reporters.JUnitReportReporter -->
<testsuite hostname="AI-CJB-LAP-429" failures="0" tests="3" name="onesample.DependenciesManagement" time="0.014" errors="0" timestamp="2024-10-07T15:31:16 IST" skipped="0">
  <testcase classname="onesample.DependenciesManagement" name="college" time="0.001"/>
  <testcase classname="onesample.DependenciesManagement" name="tenth" time="0.011"/>
  <testcase classname="onesample.DependenciesManagement" name="higherSecondary" time="0.002"/>
</testsuite> <!-- onesample.DependenciesManagement -->
