<?xml version="1.0" encoding="UTF-8"?>
<!-- Generated by org.testng.reporters.JUnitReportReporter -->
<testsuite hostname="AI-CJB-LAP-429" failures="0" tests="4" name="onesample.Testing" time="0.011" errors="0" timestamp="2024-10-07T15:31:16 IST" skipped="0">
  <testcase classname="onesample.Testing" name="fourthTestCase" time="0.002"/>
  <testcase classname="onesample.Testing" name="secondTestCase" time="0.003"/>
  <testcase classname="onesample.Testing" name="thirdTestCase" time="0.003"/>
  <testcase classname="onesample.Testing" name="firstTestCase" time="0.003"/>
</testsuite> <!-- onesample.Testing -->
